Arguments: 
  C:\Program Files\nodejs\node.exe C:\Users\pak\AppData\Roaming\npm\node_modules\yarn\bin\yarn.js install

PATH: 
  C:\Users\pak\bin;C:\Program Files\Git\mingw64\bin;C:\Program Files\Git\usr\local\bin;C:\Program Files\Git\usr\bin;C:\Program Files\Git\usr\bin;C:\Program Files\Git\mingw64\bin;C:\Program Files\Git\usr\bin;C:\Users\pak\bin;C:\Program Files (x86)\Common Files\Oracle\Java\javapath;C:\Windows\system32;C:\Windows;C:\Windows\System32\Wbem;C:\Windows\System32\WindowsPowerShell\v1.0;C:\Windows\System32\OpenSSH;C:\Program Files\Microsoft VS Code\bin;C:\Program Files\Git\cmd;C:\xampp\php;C:\composer;C:\Program Files\Java\jdk1.8.0_171\bin;C:\Program Files\nodejs;C:\Program Files (x86)\ATI Technologies\ATI.ACE\Core-Static;C:\Program Files\Git\cmd;C:\Program Files\Git\usr\bin;C:\Users\pak\AppData\Local\Microsoft\WindowsApps;C:\Users\pak\AppData\Roaming\Composer\vendor\bin;C:\Users\pak\AppData\Roaming\npm;C:\Program Files\Git\usr\bin\vendor_perl;C:\Program Files\Git\usr\bin\core_perl

Yarn version: 
  1.22.10

Node version: 
  16.3.0

Platform: 
  win32 x64

Trace: 
  Error: connect ETIMEDOUT 104.16.18.35:443
      at TCPConnectWrap.afterConnect [as oncomplete] (node:net:1133:16)

npm manifest: 
  {
    "dependencies": {
      "bootstrap": "^5.0.2",
      "bootstrap-icons": "^1.5.0",
      "bootstrap-vue": "^2.21.2",
      "cors": "^2.8.5",
      "express": "^4.17.1",
      "multer": "^1.4.2",
      "mysql": "^2.18.1",
      "mysql2": "^2.2.5",
      "sequelize": "^6.6.4",
      "vue": "^2.6.14",
      "vue-router": "^3.5.2",
      "vuetify": "^2.4.0"
    },
    "devDependencies": {
      "@vue/cli-plugin-router": "~4.5.0",
      "sass": "~1.32.0",
      "sass-loader": "^10.0.0",
      "vue-cli-plugin-vuetify": "~2.4.1",
      "vuetify-loader": "^1.7.0"
    }
  }

yarn manifest: 
  No manifest

Lockfile: 
  No lockfile
